{"E:\\Hacktiv8-fullstack-developer\\Phase-3-Hacktiv8\\last-week\\Final-Project\\script-fighter-server\\app.js": {"path":"E:\\Hacktiv8-fullstack-developer\\Phase-3-Hacktiv8\\last-week\\Final-Project\\script-fighter-server\\app.js","statementMap":{"0":{"start":{"line":1,"column":0},"end":{"line":3,"column":1}},"1":{"start":{"line":2,"column":2},"end":{"line":2,"column":29}},"2":{"start":{"line":4,"column":16},"end":{"line":4,"column":34}},"3":{"start":{"line":5,"column":12},"end":{"line":5,"column":21}},"4":{"start":{"line":6,"column":15},"end":{"line":6,"column":43}},"5":{"start":{"line":7,"column":13},"end":{"line":7,"column":28}},"6":{"start":{"line":8,"column":21},"end":{"line":8,"column":62}},"7":{"start":{"line":10,"column":0},"end":{"line":10,"column":16}},"8":{"start":{"line":11,"column":0},"end":{"line":11,"column":24}},"9":{"start":{"line":12,"column":0},"end":{"line":12,"column":49}},"10":{"start":{"line":14,"column":0},"end":{"line":14,"column":16}},"11":{"start":{"line":15,"column":0},"end":{"line":15,"column":22}},"12":{"start":{"line":18,"column":0},"end":{"line":18,"column":21}}},"fnMap":{},"branchMap":{"0":{"loc":{"start":{"line":1,"column":0},"end":{"line":3,"column":1}},"type":"if","locations":[{"start":{"line":1,"column":0},"end":{"line":3,"column":1}},{"start":{"line":1,"column":0},"end":{"line":3,"column":1}}],"line":1}},"s":{"0":2,"1":2,"2":2,"3":2,"4":2,"5":2,"6":2,"7":2,"8":2,"9":2,"10":2,"11":2,"12":2},"f":{},"b":{"0":[2,0]},"_coverageSchema":"1a1c01bbd47fc00a2c39e90264f33305004495a9","hash":"9dc6e2c956a7f7face956f4d08deead948b0cd0b"}
,"E:\\Hacktiv8-fullstack-developer\\Phase-3-Hacktiv8\\last-week\\Final-Project\\script-fighter-server\\controllers\\combat-controller.js": {"path":"E:\\Hacktiv8-fullstack-developer\\Phase-3-Hacktiv8\\last-week\\Final-Project\\script-fighter-server\\controllers\\combat-controller.js","statementMap":{"0":{"start":{"line":1,"column":54},"end":{"line":1,"column":74}},"1":{"start":{"line":2,"column":21},"end":{"line":2,"column":61}},"2":{"start":{"line":8,"column":4},"end":{"line":16,"column":5}},"3":{"start":{"line":9,"column":26},"end":{"line":9,"column":100}},"4":{"start":{"line":10,"column":23},"end":{"line":10,"column":113}},"5":{"start":{"line":11,"column":24},"end":{"line":11,"column":115}},"6":{"start":{"line":12,"column":6},"end":{"line":12,"column":52}},"7":{"start":{"line":14,"column":6},"end":{"line":14,"column":22}},"8":{"start":{"line":15,"column":6},"end":{"line":15,"column":16}},"9":{"start":{"line":22,"column":4},"end":{"line":47,"column":5}},"10":{"start":{"line":23,"column":32},"end":{"line":27,"column":8}},"11":{"start":{"line":29,"column":27},"end":{"line":38,"column":8}},"12":{"start":{"line":39,"column":6},"end":{"line":44,"column":7}},"13":{"start":{"line":40,"column":30},"end":{"line":40,"column":72}},"14":{"start":{"line":41,"column":8},"end":{"line":41,"column":59}},"15":{"start":{"line":43,"column":8},"end":{"line":43,"column":58}},"16":{"start":{"line":46,"column":6},"end":{"line":46,"column":15}},"17":{"start":{"line":52,"column":4},"end":{"line":62,"column":8}},"18":{"start":{"line":58,"column":8},"end":{"line":58,"column":41}},"19":{"start":{"line":61,"column":8},"end":{"line":61,"column":33}},"20":{"start":{"line":68,"column":4},"end":{"line":87,"column":8}},"21":{"start":{"line":74,"column":8},"end":{"line":74,"column":68}},"22":{"start":{"line":75,"column":8},"end":{"line":83,"column":9}},"23":{"start":{"line":76,"column":10},"end":{"line":78,"column":12}},"24":{"start":{"line":80,"column":10},"end":{"line":82,"column":12}},"25":{"start":{"line":86,"column":8},"end":{"line":86,"column":33}},"26":{"start":{"line":92,"column":0},"end":{"line":92,"column":34}}},"fnMap":{"0":{"name":"(anonymous_0)","decl":{"start":{"line":7,"column":2},"end":{"line":7,"column":3}},"loc":{"start":{"line":7,"column":49},"end":{"line":17,"column":3}},"line":7},"1":{"name":"(anonymous_1)","decl":{"start":{"line":21,"column":2},"end":{"line":21,"column":3}},"loc":{"start":{"line":21,"column":56},"end":{"line":48,"column":3}},"line":21},"2":{"name":"(anonymous_2)","decl":{"start":{"line":51,"column":2},"end":{"line":51,"column":3}},"loc":{"start":{"line":51,"column":47},"end":{"line":63,"column":3}},"line":51},"3":{"name":"(anonymous_3)","decl":{"start":{"line":57,"column":12},"end":{"line":57,"column":13}},"loc":{"start":{"line":57,"column":23},"end":{"line":59,"column":7}},"line":57},"4":{"name":"(anonymous_4)","decl":{"start":{"line":60,"column":13},"end":{"line":60,"column":14}},"loc":{"start":{"line":60,"column":20},"end":{"line":62,"column":7}},"line":60},"5":{"name":"(anonymous_5)","decl":{"start":{"line":67,"column":2},"end":{"line":67,"column":3}},"loc":{"start":{"line":67,"column":50},"end":{"line":88,"column":3}},"line":67},"6":{"name":"(anonymous_6)","decl":{"start":{"line":73,"column":12},"end":{"line":73,"column":13}},"loc":{"start":{"line":73,"column":28},"end":{"line":84,"column":7}},"line":73},"7":{"name":"(anonymous_7)","decl":{"start":{"line":85,"column":13},"end":{"line":85,"column":14}},"loc":{"start":{"line":85,"column":20},"end":{"line":87,"column":7}},"line":85}},"branchMap":{"0":{"loc":{"start":{"line":39,"column":6},"end":{"line":44,"column":7}},"type":"if","locations":[{"start":{"line":39,"column":6},"end":{"line":44,"column":7}},{"start":{"line":39,"column":6},"end":{"line":44,"column":7}}],"line":39},"1":{"loc":{"start":{"line":75,"column":8},"end":{"line":83,"column":9}},"type":"if","locations":[{"start":{"line":75,"column":8},"end":{"line":83,"column":9}},{"start":{"line":75,"column":8},"end":{"line":83,"column":9}}],"line":75}},"s":{"0":2,"1":2,"2":1,"3":1,"4":1,"5":1,"6":1,"7":0,"8":0,"9":2,"10":2,"11":2,"12":1,"13":0,"14":0,"15":1,"16":1,"17":1,"18":1,"19":0,"20":2,"21":2,"22":2,"23":1,"24":1,"25":0,"26":2},"f":{"0":1,"1":2,"2":1,"3":1,"4":0,"5":2,"6":2,"7":0},"b":{"0":[0,1],"1":[1,1]},"_coverageSchema":"1a1c01bbd47fc00a2c39e90264f33305004495a9","hash":"3a9b22dbf0d0cfd78c430847d4e9b70a7d34a63b"}
,"E:\\Hacktiv8-fullstack-developer\\Phase-3-Hacktiv8\\last-week\\Final-Project\\script-fighter-server\\controllers\\game-controller.js": {"path":"E:\\Hacktiv8-fullstack-developer\\Phase-3-Hacktiv8\\last-week\\Final-Project\\script-fighter-server\\controllers\\game-controller.js","statementMap":{"0":{"start":{"line":1,"column":58},"end":{"line":1,"column":78}},"1":{"start":{"line":2,"column":22},"end":{"line":2,"column":23}},"2":{"start":{"line":8,"column":4},"end":{"line":17,"column":5}},"3":{"start":{"line":9,"column":23},"end":{"line":9,"column":76}},"4":{"start":{"line":10,"column":21},"end":{"line":10,"column":62}},"5":{"start":{"line":11,"column":6},"end":{"line":13,"column":7}},"6":{"start":{"line":12,"column":8},"end":{"line":12,"column":64}},"7":{"start":{"line":12,"column":43},"end":{"line":12,"column":62}},"8":{"start":{"line":14,"column":6},"end":{"line":14,"column":37}},"9":{"start":{"line":16,"column":6},"end":{"line":16,"column":16}},"10":{"start":{"line":23,"column":4},"end":{"line":69,"column":5}},"11":{"start":{"line":24,"column":17},"end":{"line":28,"column":8}},"12":{"start":{"line":29,"column":25},"end":{"line":33,"column":8}},"13":{"start":{"line":35,"column":6},"end":{"line":65,"column":7}},"14":{"start":{"line":36,"column":8},"end":{"line":36,"column":28}},"15":{"start":{"line":37,"column":8},"end":{"line":37,"column":70}},"16":{"start":{"line":42,"column":8},"end":{"line":64,"column":9}},"17":{"start":{"line":43,"column":33},"end":{"line":55,"column":12}},"18":{"start":{"line":56,"column":10},"end":{"line":59,"column":12}},"19":{"start":{"line":61,"column":10},"end":{"line":63,"column":12}},"20":{"start":{"line":67,"column":6},"end":{"line":67,"column":22}},"21":{"start":{"line":68,"column":6},"end":{"line":68,"column":16}},"22":{"start":{"line":74,"column":4},"end":{"line":95,"column":5}},"23":{"start":{"line":75,"column":6},"end":{"line":75,"column":58}},"24":{"start":{"line":76,"column":26},"end":{"line":76,"column":89}},"25":{"start":{"line":79,"column":6},"end":{"line":92,"column":7}},"26":{"start":{"line":80,"column":8},"end":{"line":80,"column":65}},"27":{"start":{"line":82,"column":8},"end":{"line":87,"column":13}},"28":{"start":{"line":88,"column":8},"end":{"line":91,"column":10}},"29":{"start":{"line":94,"column":6},"end":{"line":94,"column":15}},"30":{"start":{"line":98,"column":0},"end":{"line":98,"column":32}}},"fnMap":{"0":{"name":"(anonymous_0)","decl":{"start":{"line":7,"column":2},"end":{"line":7,"column":3}},"loc":{"start":{"line":7,"column":46},"end":{"line":18,"column":3}},"line":7},"1":{"name":"(anonymous_1)","decl":{"start":{"line":12,"column":35},"end":{"line":12,"column":36}},"loc":{"start":{"line":12,"column":43},"end":{"line":12,"column":62}},"line":12},"2":{"name":"(anonymous_2)","decl":{"start":{"line":22,"column":2},"end":{"line":22,"column":3}},"loc":{"start":{"line":22,"column":43},"end":{"line":70,"column":3}},"line":22},"3":{"name":"(anonymous_3)","decl":{"start":{"line":73,"column":2},"end":{"line":73,"column":3}},"loc":{"start":{"line":73,"column":52},"end":{"line":96,"column":3}},"line":73}},"branchMap":{"0":{"loc":{"start":{"line":11,"column":6},"end":{"line":13,"column":7}},"type":"if","locations":[{"start":{"line":11,"column":6},"end":{"line":13,"column":7}},{"start":{"line":11,"column":6},"end":{"line":13,"column":7}}],"line":11},"1":{"loc":{"start":{"line":35,"column":6},"end":{"line":65,"column":7}},"type":"if","locations":[{"start":{"line":35,"column":6},"end":{"line":65,"column":7}},{"start":{"line":35,"column":6},"end":{"line":65,"column":7}}],"line":35},"2":{"loc":{"start":{"line":35,"column":10},"end":{"line":35,"column":79}},"type":"binary-expr","locations":[{"start":{"line":35,"column":10},"end":{"line":35,"column":55}},{"start":{"line":35,"column":59},"end":{"line":35,"column":79}}],"line":35},"3":{"loc":{"start":{"line":42,"column":8},"end":{"line":64,"column":9}},"type":"if","locations":[{"start":{"line":42,"column":8},"end":{"line":64,"column":9}},{"start":{"line":42,"column":8},"end":{"line":64,"column":9}}],"line":42},"4":{"loc":{"start":{"line":79,"column":6},"end":{"line":92,"column":7}},"type":"if","locations":[{"start":{"line":79,"column":6},"end":{"line":92,"column":7}},{"start":{"line":79,"column":6},"end":{"line":92,"column":7}}],"line":79},"5":{"loc":{"start":{"line":79,"column":10},"end":{"line":79,"column":114}},"type":"binary-expr","locations":[{"start":{"line":79,"column":10},"end":{"line":79,"column":57}},{"start":{"line":79,"column":61},"end":{"line":79,"column":84}},{"start":{"line":79,"column":88},"end":{"line":79,"column":114}}],"line":79}},"s":{"0":2,"1":2,"2":0,"3":0,"4":0,"5":0,"6":0,"7":0,"8":0,"9":0,"10":1,"11":1,"12":1,"13":1,"14":0,"15":0,"16":1,"17":1,"18":1,"19":0,"20":0,"21":0,"22":2,"23":2,"24":2,"25":2,"26":1,"27":1,"28":1,"29":0,"30":2},"f":{"0":0,"1":0,"2":1,"3":2},"b":{"0":[0,0],"1":[0,1],"2":[1,0],"3":[1,0],"4":[1,1],"5":[2,2,1]},"_coverageSchema":"1a1c01bbd47fc00a2c39e90264f33305004495a9","hash":"025f94f36dc8993875a2569dd5ef47fe3240c3c8"}
,"E:\\Hacktiv8-fullstack-developer\\Phase-3-Hacktiv8\\last-week\\Final-Project\\script-fighter-server\\controllers\\user-controller.js": {"path":"E:\\Hacktiv8-fullstack-developer\\Phase-3-Hacktiv8\\last-week\\Final-Project\\script-fighter-server\\controllers\\user-controller.js","statementMap":{"0":{"start":{"line":1,"column":29},"end":{"line":1,"column":58}},"1":{"start":{"line":2,"column":15},"end":{"line":2,"column":34}},"2":{"start":{"line":3,"column":12},"end":{"line":3,"column":35}},"3":{"start":{"line":8,"column":4},"end":{"line":31,"column":5}},"4":{"start":{"line":9,"column":22},"end":{"line":13,"column":8}},"5":{"start":{"line":14,"column":28},"end":{"line":26,"column":8}},"6":{"start":{"line":27,"column":6},"end":{"line":27,"column":121}},"7":{"start":{"line":29,"column":6},"end":{"line":29,"column":22}},"8":{"start":{"line":30,"column":6},"end":{"line":30,"column":16}},"9":{"start":{"line":36,"column":4},"end":{"line":54,"column":5}},"10":{"start":{"line":37,"column":23},"end":{"line":37,"column":100}},"11":{"start":{"line":38,"column":6},"end":{"line":51,"column":7}},"12":{"start":{"line":39,"column":8},"end":{"line":48,"column":9}},"13":{"start":{"line":40,"column":29},"end":{"line":40,"column":115}},"14":{"start":{"line":41,"column":10},"end":{"line":45,"column":13}},"15":{"start":{"line":47,"column":10},"end":{"line":47,"column":79}},"16":{"start":{"line":50,"column":8},"end":{"line":50,"column":112}},"17":{"start":{"line":53,"column":6},"end":{"line":53,"column":16}},"18":{"start":{"line":58,"column":4},"end":{"line":72,"column":5}},"19":{"start":{"line":59,"column":23},"end":{"line":68,"column":8}},"20":{"start":{"line":69,"column":6},"end":{"line":69,"column":41}},"21":{"start":{"line":71,"column":6},"end":{"line":71,"column":16}},"22":{"start":{"line":77,"column":0},"end":{"line":77,"column":32}}},"fnMap":{"0":{"name":"(anonymous_0)","decl":{"start":{"line":7,"column":2},"end":{"line":7,"column":3}},"loc":{"start":{"line":7,"column":58},"end":{"line":32,"column":3}},"line":7},"1":{"name":"(anonymous_1)","decl":{"start":{"line":35,"column":2},"end":{"line":35,"column":3}},"loc":{"start":{"line":35,"column":52},"end":{"line":55,"column":3}},"line":35},"2":{"name":"(anonymous_2)","decl":{"start":{"line":57,"column":2},"end":{"line":57,"column":3}},"loc":{"start":{"line":57,"column":50},"end":{"line":73,"column":3}},"line":57}},"branchMap":{"0":{"loc":{"start":{"line":38,"column":6},"end":{"line":51,"column":7}},"type":"if","locations":[{"start":{"line":38,"column":6},"end":{"line":51,"column":7}},{"start":{"line":38,"column":6},"end":{"line":51,"column":7}}],"line":38},"1":{"loc":{"start":{"line":39,"column":8},"end":{"line":48,"column":9}},"type":"if","locations":[{"start":{"line":39,"column":8},"end":{"line":48,"column":9}},{"start":{"line":39,"column":8},"end":{"line":48,"column":9}}],"line":39}},"s":{"0":2,"1":2,"2":2,"3":4,"4":4,"5":1,"6":1,"7":3,"8":3,"9":3,"10":3,"11":3,"12":2,"13":1,"14":1,"15":1,"16":1,"17":0,"18":0,"19":0,"20":0,"21":0,"22":2},"f":{"0":4,"1":3,"2":0},"b":{"0":[2,1],"1":[1,1]},"_coverageSchema":"1a1c01bbd47fc00a2c39e90264f33305004495a9","hash":"78df456a5637831ce9665bc6f2bbb3af2606719b"}
,"E:\\Hacktiv8-fullstack-developer\\Phase-3-Hacktiv8\\last-week\\Final-Project\\script-fighter-server\\helpers\\levelup-checker.js": {"path":"E:\\Hacktiv8-fullstack-developer\\Phase-3-Hacktiv8\\last-week\\Final-Project\\script-fighter-server\\helpers\\levelup-checker.js","statementMap":{"0":{"start":{"line":1,"column":23},"end":{"line":1,"column":52}},"1":{"start":{"line":8,"column":26},"end":{"line":13,"column":3}},"2":{"start":{"line":14,"column":2},"end":{"line":37,"column":3}},"3":{"start":{"line":15,"column":26},"end":{"line":15,"column":77}},"4":{"start":{"line":19,"column":21},"end":{"line":19,"column":46}},"5":{"start":{"line":20,"column":18},"end":{"line":20,"column":19}},"6":{"start":{"line":21,"column":4},"end":{"line":24,"column":5}},"7":{"start":{"line":22,"column":6},"end":{"line":22,"column":112}},"8":{"start":{"line":23,"column":6},"end":{"line":23,"column":16}},"9":{"start":{"line":27,"column":19},"end":{"line":33,"column":63}},"10":{"start":{"line":34,"column":4},"end":{"line":34,"column":18}},"11":{"start":{"line":36,"column":4},"end":{"line":36,"column":15}},"12":{"start":{"line":40,"column":0},"end":{"line":40,"column":30}}},"fnMap":{"0":{"name":"levelupCheck","decl":{"start":{"line":4,"column":15},"end":{"line":4,"column":27}},"loc":{"start":{"line":4,"column":32},"end":{"line":38,"column":1}},"line":4}},"branchMap":{},"s":{"0":2,"1":0,"2":0,"3":0,"4":0,"5":0,"6":0,"7":0,"8":0,"9":0,"10":0,"11":0,"12":2},"f":{"0":0},"b":{},"_coverageSchema":"1a1c01bbd47fc00a2c39e90264f33305004495a9","hash":"778cdd5bdff1436ff0945a4b6436bfb6e82c9637"}
,"E:\\Hacktiv8-fullstack-developer\\Phase-3-Hacktiv8\\last-week\\Final-Project\\script-fighter-server\\middlewares\\authentication.js": {"path":"E:\\Hacktiv8-fullstack-developer\\Phase-3-Hacktiv8\\last-week\\Final-Project\\script-fighter-server\\middlewares\\authentication.js","statementMap":{"0":{"start":{"line":1,"column":12},"end":{"line":1,"column":35}},"1":{"start":{"line":2,"column":17},"end":{"line":2,"column":46}},"2":{"start":{"line":5,"column":2},"end":{"line":19,"column":3}},"3":{"start":{"line":6,"column":4},"end":{"line":16,"column":5}},"4":{"start":{"line":7,"column":6},"end":{"line":7,"column":57}},"5":{"start":{"line":9,"column":6},"end":{"line":9,"column":85}},"6":{"start":{"line":10,"column":23},"end":{"line":10,"column":76}},"7":{"start":{"line":11,"column":6},"end":{"line":15,"column":7}},"8":{"start":{"line":12,"column":8},"end":{"line":12,"column":15}},"9":{"start":{"line":14,"column":8},"end":{"line":14,"column":59}},"10":{"start":{"line":18,"column":4},"end":{"line":18,"column":55}},"11":{"start":{"line":22,"column":0},"end":{"line":22,"column":36}}},"fnMap":{"0":{"name":"userAuthentication","decl":{"start":{"line":4,"column":15},"end":{"line":4,"column":33}},"loc":{"start":{"line":4,"column":50},"end":{"line":20,"column":1}},"line":4}},"branchMap":{"0":{"loc":{"start":{"line":6,"column":4},"end":{"line":16,"column":5}},"type":"if","locations":[{"start":{"line":6,"column":4},"end":{"line":16,"column":5}},{"start":{"line":6,"column":4},"end":{"line":16,"column":5}}],"line":6},"1":{"loc":{"start":{"line":11,"column":6},"end":{"line":15,"column":7}},"type":"if","locations":[{"start":{"line":11,"column":6},"end":{"line":15,"column":7}},{"start":{"line":11,"column":6},"end":{"line":15,"column":7}}],"line":11}},"s":{"0":2,"1":2,"2":14,"3":14,"4":5,"5":9,"6":9,"7":9,"8":9,"9":0,"10":0,"11":2},"f":{"0":14},"b":{"0":[5,9],"1":[9,0]},"_coverageSchema":"1a1c01bbd47fc00a2c39e90264f33305004495a9","hash":"3af803b7076f14751a57de2636ccee55ff1f0dfd"}
,"E:\\Hacktiv8-fullstack-developer\\Phase-3-Hacktiv8\\last-week\\Final-Project\\script-fighter-server\\middlewares\\error-handler.js": {"path":"E:\\Hacktiv8-fullstack-developer\\Phase-3-Hacktiv8\\last-week\\Final-Project\\script-fighter-server\\middlewares\\error-handler.js","statementMap":{"0":{"start":{"line":1,"column":0},"end":{"line":16,"column":1}},"1":{"start":{"line":2,"column":2},"end":{"line":15,"column":3}},"2":{"start":{"line":3,"column":4},"end":{"line":11,"column":5}},"3":{"start":{"line":4,"column":6},"end":{"line":4,"column":63}},"4":{"start":{"line":5,"column":11},"end":{"line":11,"column":5}},"5":{"start":{"line":6,"column":6},"end":{"line":6,"column":63}},"6":{"start":{"line":7,"column":11},"end":{"line":11,"column":5}},"7":{"start":{"line":8,"column":6},"end":{"line":8,"column":53}},"8":{"start":{"line":10,"column":6},"end":{"line":10,"column":36}},"9":{"start":{"line":14,"column":4},"end":{"line":14,"column":63}}},"fnMap":{"0":{"name":"errorHandler","decl":{"start":{"line":1,"column":26},"end":{"line":1,"column":38}},"loc":{"start":{"line":1,"column":60},"end":{"line":16,"column":1}},"line":1}},"branchMap":{"0":{"loc":{"start":{"line":2,"column":2},"end":{"line":15,"column":3}},"type":"if","locations":[{"start":{"line":2,"column":2},"end":{"line":15,"column":3}},{"start":{"line":2,"column":2},"end":{"line":15,"column":3}}],"line":2},"1":{"loc":{"start":{"line":3,"column":4},"end":{"line":11,"column":5}},"type":"if","locations":[{"start":{"line":3,"column":4},"end":{"line":11,"column":5}},{"start":{"line":3,"column":4},"end":{"line":11,"column":5}}],"line":3},"2":{"loc":{"start":{"line":5,"column":11},"end":{"line":11,"column":5}},"type":"if","locations":[{"start":{"line":5,"column":11},"end":{"line":11,"column":5}},{"start":{"line":5,"column":11},"end":{"line":11,"column":5}}],"line":5},"3":{"loc":{"start":{"line":7,"column":11},"end":{"line":11,"column":5}},"type":"if","locations":[{"start":{"line":7,"column":11},"end":{"line":11,"column":5}},{"start":{"line":7,"column":11},"end":{"line":11,"column":5}}],"line":7}},"s":{"0":2,"1":6,"2":6,"3":4,"4":2,"5":0,"6":2,"7":2,"8":0,"9":0},"f":{"0":6},"b":{"0":[6,0],"1":[4,2],"2":[0,2],"3":[2,0]},"_coverageSchema":"1a1c01bbd47fc00a2c39e90264f33305004495a9","hash":"c59a83d248d8f3024f3e577cb200819b77b24e16"}
,"E:\\Hacktiv8-fullstack-developer\\Phase-3-Hacktiv8\\last-week\\Final-Project\\script-fighter-server\\models\\index.js": {"path":"E:\\Hacktiv8-fullstack-developer\\Phase-3-Hacktiv8\\last-week\\Final-Project\\script-fighter-server\\models\\index.js","statementMap":{"0":{"start":{"line":3,"column":11},"end":{"line":3,"column":24}},"1":{"start":{"line":4,"column":13},"end":{"line":4,"column":28}},"2":{"start":{"line":5,"column":18},"end":{"line":5,"column":38}},"3":{"start":{"line":6,"column":17},"end":{"line":6,"column":42}},"4":{"start":{"line":7,"column":12},"end":{"line":7,"column":49}},"5":{"start":{"line":8,"column":15},"end":{"line":8,"column":65}},"6":{"start":{"line":9,"column":11},"end":{"line":9,"column":13}},"7":{"start":{"line":12,"column":0},"end":{"line":16,"column":1}},"8":{"start":{"line":13,"column":2},"end":{"line":13,"column":74}},"9":{"start":{"line":15,"column":2},"end":{"line":15,"column":87}},"10":{"start":{"line":18,"column":0},"end":{"line":26,"column":5}},"11":{"start":{"line":21,"column":4},"end":{"line":21,"column":90}},"12":{"start":{"line":24,"column":18},"end":{"line":24,"column":85}},"13":{"start":{"line":25,"column":4},"end":{"line":25,"column":27}},"14":{"start":{"line":28,"column":0},"end":{"line":32,"column":3}},"15":{"start":{"line":29,"column":2},"end":{"line":31,"column":3}},"16":{"start":{"line":30,"column":4},"end":{"line":30,"column":32}},"17":{"start":{"line":34,"column":0},"end":{"line":34,"column":25}},"18":{"start":{"line":35,"column":0},"end":{"line":35,"column":25}},"19":{"start":{"line":37,"column":0},"end":{"line":37,"column":20}}},"fnMap":{"0":{"name":"(anonymous_0)","decl":{"start":{"line":20,"column":10},"end":{"line":20,"column":11}},"loc":{"start":{"line":20,"column":18},"end":{"line":22,"column":3}},"line":20},"1":{"name":"(anonymous_1)","decl":{"start":{"line":23,"column":11},"end":{"line":23,"column":12}},"loc":{"start":{"line":23,"column":19},"end":{"line":26,"column":3}},"line":23},"2":{"name":"(anonymous_2)","decl":{"start":{"line":28,"column":24},"end":{"line":28,"column":25}},"loc":{"start":{"line":28,"column":37},"end":{"line":32,"column":1}},"line":28}},"branchMap":{"0":{"loc":{"start":{"line":7,"column":12},"end":{"line":7,"column":49}},"type":"binary-expr","locations":[{"start":{"line":7,"column":12},"end":{"line":7,"column":32}},{"start":{"line":7,"column":36},"end":{"line":7,"column":49}}],"line":7},"1":{"loc":{"start":{"line":12,"column":0},"end":{"line":16,"column":1}},"type":"if","locations":[{"start":{"line":12,"column":0},"end":{"line":16,"column":1}},{"start":{"line":12,"column":0},"end":{"line":16,"column":1}}],"line":12},"2":{"loc":{"start":{"line":21,"column":11},"end":{"line":21,"column":89}},"type":"binary-expr","locations":[{"start":{"line":21,"column":12},"end":{"line":21,"column":35}},{"start":{"line":21,"column":41},"end":{"line":21,"column":58}},{"start":{"line":21,"column":64},"end":{"line":21,"column":88}}],"line":21},"3":{"loc":{"start":{"line":29,"column":2},"end":{"line":31,"column":3}},"type":"if","locations":[{"start":{"line":29,"column":2},"end":{"line":31,"column":3}},{"start":{"line":29,"column":2},"end":{"line":31,"column":3}}],"line":29}},"s":{"0":2,"1":2,"2":2,"3":2,"4":2,"5":2,"6":2,"7":2,"8":0,"9":2,"10":2,"11":12,"12":10,"13":10,"14":2,"15":10,"16":10,"17":2,"18":2,"19":2},"f":{"0":12,"1":10,"2":10},"b":{"0":[2,0],"1":[0,2],"2":[12,12,10],"3":[10,0]},"_coverageSchema":"1a1c01bbd47fc00a2c39e90264f33305004495a9","hash":"f076f7b931fb0761d0e8144beebf5d256adcb027"}
,"E:\\Hacktiv8-fullstack-developer\\Phase-3-Hacktiv8\\last-week\\Final-Project\\script-fighter-server\\models\\itemshop.js": {"path":"E:\\Hacktiv8-fullstack-developer\\Phase-3-Hacktiv8\\last-week\\Final-Project\\script-fighter-server\\models\\itemshop.js","statementMap":{"0":{"start":{"line":4,"column":4},"end":{"line":4,"column":24}},"1":{"start":{"line":5,"column":0},"end":{"line":29,"column":2}},"2":{"start":{"line":16,"column":2},"end":{"line":27,"column":5}},"3":{"start":{"line":28,"column":2},"end":{"line":28,"column":18}}},"fnMap":{"0":{"name":"(anonymous_0)","decl":{"start":{"line":5,"column":17},"end":{"line":5,"column":18}},"loc":{"start":{"line":5,"column":43},"end":{"line":29,"column":1}},"line":5},"1":{"name":"(anonymous_1)","decl":{"start":{"line":12,"column":4},"end":{"line":12,"column":5}},"loc":{"start":{"line":12,"column":29},"end":{"line":14,"column":5}},"line":12}},"branchMap":{},"s":{"0":2,"1":2,"2":2,"3":2},"f":{"0":2,"1":2},"b":{},"_coverageSchema":"1a1c01bbd47fc00a2c39e90264f33305004495a9","hash":"f6d64fc39f58b7e20b8b82f38020e8936a5544d4"}
,"E:\\Hacktiv8-fullstack-developer\\Phase-3-Hacktiv8\\last-week\\Final-Project\\script-fighter-server\\models\\monster.js": {"path":"E:\\Hacktiv8-fullstack-developer\\Phase-3-Hacktiv8\\last-week\\Final-Project\\script-fighter-server\\models\\monster.js","statementMap":{"0":{"start":{"line":4,"column":4},"end":{"line":4,"column":24}},"1":{"start":{"line":5,"column":0},"end":{"line":30,"column":2}},"2":{"start":{"line":16,"column":2},"end":{"line":28,"column":5}},"3":{"start":{"line":29,"column":2},"end":{"line":29,"column":17}}},"fnMap":{"0":{"name":"(anonymous_0)","decl":{"start":{"line":5,"column":17},"end":{"line":5,"column":18}},"loc":{"start":{"line":5,"column":43},"end":{"line":30,"column":1}},"line":5},"1":{"name":"(anonymous_1)","decl":{"start":{"line":12,"column":4},"end":{"line":12,"column":5}},"loc":{"start":{"line":12,"column":29},"end":{"line":14,"column":5}},"line":12}},"branchMap":{},"s":{"0":2,"1":2,"2":2,"3":2},"f":{"0":2,"1":2},"b":{},"_coverageSchema":"1a1c01bbd47fc00a2c39e90264f33305004495a9","hash":"4cf06055ab5dae763dcda80d972a8f1ce86b9fdc"}
,"E:\\Hacktiv8-fullstack-developer\\Phase-3-Hacktiv8\\last-week\\Final-Project\\script-fighter-server\\models\\question.js": {"path":"E:\\Hacktiv8-fullstack-developer\\Phase-3-Hacktiv8\\last-week\\Final-Project\\script-fighter-server\\models\\question.js","statementMap":{"0":{"start":{"line":4,"column":4},"end":{"line":4,"column":24}},"1":{"start":{"line":5,"column":0},"end":{"line":27,"column":2}},"2":{"start":{"line":16,"column":2},"end":{"line":25,"column":5}},"3":{"start":{"line":26,"column":2},"end":{"line":26,"column":18}}},"fnMap":{"0":{"name":"(anonymous_0)","decl":{"start":{"line":5,"column":17},"end":{"line":5,"column":18}},"loc":{"start":{"line":5,"column":43},"end":{"line":27,"column":1}},"line":5},"1":{"name":"(anonymous_1)","decl":{"start":{"line":12,"column":4},"end":{"line":12,"column":5}},"loc":{"start":{"line":12,"column":29},"end":{"line":14,"column":5}},"line":12}},"branchMap":{},"s":{"0":2,"1":2,"2":2,"3":2},"f":{"0":2,"1":2},"b":{},"_coverageSchema":"1a1c01bbd47fc00a2c39e90264f33305004495a9","hash":"611a2e8a00c25717018d2a4d5b6c1ed3d3aaafc3"}
,"E:\\Hacktiv8-fullstack-developer\\Phase-3-Hacktiv8\\last-week\\Final-Project\\script-fighter-server\\models\\user.js": {"path":"E:\\Hacktiv8-fullstack-developer\\Phase-3-Hacktiv8\\last-week\\Final-Project\\script-fighter-server\\models\\user.js","statementMap":{"0":{"start":{"line":1,"column":15},"end":{"line":1,"column":34}},"1":{"start":{"line":3,"column":0},"end":{"line":3,"column":13}},"2":{"start":{"line":6,"column":4},"end":{"line":6,"column":24}},"3":{"start":{"line":7,"column":0},"end":{"line":62,"column":2}},"4":{"start":{"line":15,"column":6},"end":{"line":15,"column":36}},"5":{"start":{"line":18,"column":2},"end":{"line":48,"column":5}},"6":{"start":{"line":50,"column":2},"end":{"line":59,"column":4}},"7":{"start":{"line":51,"column":17},"end":{"line":51,"column":39}},"8":{"start":{"line":52,"column":4},"end":{"line":58,"column":5}},"9":{"start":{"line":53,"column":6},"end":{"line":55,"column":8}},"10":{"start":{"line":54,"column":8},"end":{"line":54,"column":67}},"11":{"start":{"line":57,"column":6},"end":{"line":57,"column":59}},"12":{"start":{"line":61,"column":2},"end":{"line":61,"column":14}}},"fnMap":{"0":{"name":"(anonymous_0)","decl":{"start":{"line":7,"column":17},"end":{"line":7,"column":18}},"loc":{"start":{"line":7,"column":43},"end":{"line":62,"column":1}},"line":7},"1":{"name":"(anonymous_1)","decl":{"start":{"line":14,"column":4},"end":{"line":14,"column":5}},"loc":{"start":{"line":14,"column":29},"end":{"line":16,"column":5}},"line":14},"2":{"name":"(anonymous_2)","decl":{"start":{"line":50,"column":31},"end":{"line":50,"column":32}},"loc":{"start":{"line":50,"column":41},"end":{"line":59,"column":3}},"line":50},"3":{"name":"(anonymous_3)","decl":{"start":{"line":53,"column":19},"end":{"line":53,"column":20}},"loc":{"start":{"line":53,"column":32},"end":{"line":55,"column":7}},"line":53}},"branchMap":{"0":{"loc":{"start":{"line":52,"column":4},"end":{"line":58,"column":5}},"type":"if","locations":[{"start":{"line":52,"column":4},"end":{"line":58,"column":5}},{"start":{"line":52,"column":4},"end":{"line":58,"column":5}}],"line":52}},"s":{"0":2,"1":2,"2":2,"3":2,"4":2,"5":2,"6":2,"7":3,"8":3,"9":0,"10":0,"11":3,"12":2},"f":{"0":2,"1":2,"2":3,"3":0},"b":{"0":[0,3]},"_coverageSchema":"1a1c01bbd47fc00a2c39e90264f33305004495a9","hash":"fd12d13315b6bf2364b7e425109a7aa66d7da79f"}
,"E:\\Hacktiv8-fullstack-developer\\Phase-3-Hacktiv8\\last-week\\Final-Project\\script-fighter-server\\models\\userstatus.js": {"path":"E:\\Hacktiv8-fullstack-developer\\Phase-3-Hacktiv8\\last-week\\Final-Project\\script-fighter-server\\models\\userstatus.js","statementMap":{"0":{"start":{"line":4,"column":4},"end":{"line":4,"column":24}},"1":{"start":{"line":5,"column":0},"end":{"line":75,"column":2}},"2":{"start":{"line":13,"column":6},"end":{"line":13,"column":39}},"3":{"start":{"line":16,"column":2},"end":{"line":73,"column":5}},"4":{"start":{"line":74,"column":2},"end":{"line":74,"column":20}}},"fnMap":{"0":{"name":"(anonymous_0)","decl":{"start":{"line":5,"column":17},"end":{"line":5,"column":18}},"loc":{"start":{"line":5,"column":43},"end":{"line":75,"column":1}},"line":5},"1":{"name":"(anonymous_1)","decl":{"start":{"line":12,"column":4},"end":{"line":12,"column":5}},"loc":{"start":{"line":12,"column":29},"end":{"line":14,"column":5}},"line":12}},"branchMap":{},"s":{"0":2,"1":2,"2":2,"3":2,"4":2},"f":{"0":2,"1":2},"b":{},"_coverageSchema":"1a1c01bbd47fc00a2c39e90264f33305004495a9","hash":"4ff31f13b11800d4c68132c17e18346b46e59bf9"}
,"E:\\Hacktiv8-fullstack-developer\\Phase-3-Hacktiv8\\last-week\\Final-Project\\script-fighter-server\\routes\\combat-router.js": {"path":"E:\\Hacktiv8-fullstack-developer\\Phase-3-Hacktiv8\\last-week\\Final-Project\\script-fighter-server\\routes\\combat-router.js","statementMap":{"0":{"start":{"line":1,"column":16},"end":{"line":1,"column":34}},"1":{"start":{"line":2,"column":15},"end":{"line":2,"column":31}},"2":{"start":{"line":3,"column":25},"end":{"line":3,"column":71}},"3":{"start":{"line":5,"column":0},"end":{"line":5,"column":69}},"4":{"start":{"line":6,"column":0},"end":{"line":6,"column":74}},"5":{"start":{"line":7,"column":0},"end":{"line":7,"column":80}},"6":{"start":{"line":9,"column":0},"end":{"line":9,"column":24}}},"fnMap":{},"branchMap":{},"s":{"0":2,"1":2,"2":2,"3":2,"4":2,"5":2,"6":2},"f":{},"b":{},"_coverageSchema":"1a1c01bbd47fc00a2c39e90264f33305004495a9","hash":"13579950ccb6a31fbb0b08cbbde1df29321d4ce2"}
,"E:\\Hacktiv8-fullstack-developer\\Phase-3-Hacktiv8\\last-week\\Final-Project\\script-fighter-server\\routes\\index.js": {"path":"E:\\Hacktiv8-fullstack-developer\\Phase-3-Hacktiv8\\last-week\\Final-Project\\script-fighter-server\\routes\\index.js","statementMap":{"0":{"start":{"line":1,"column":16},"end":{"line":1,"column":34}},"1":{"start":{"line":2,"column":15},"end":{"line":2,"column":31}},"2":{"start":{"line":3,"column":21},"end":{"line":3,"column":50}},"3":{"start":{"line":4,"column":19},"end":{"line":4,"column":46}},"4":{"start":{"line":5,"column":27},"end":{"line":5,"column":70}},"5":{"start":{"line":7,"column":23},"end":{"line":7,"column":67}},"6":{"start":{"line":8,"column":23},"end":{"line":8,"column":67}},"7":{"start":{"line":9,"column":25},"end":{"line":9,"column":71}},"8":{"start":{"line":11,"column":0},"end":{"line":11,"column":68}},"9":{"start":{"line":12,"column":0},"end":{"line":12,"column":59}},"10":{"start":{"line":13,"column":0},"end":{"line":13,"column":55}},"11":{"start":{"line":14,"column":0},"end":{"line":14,"column":31}},"12":{"start":{"line":15,"column":0},"end":{"line":15,"column":59}},"13":{"start":{"line":16,"column":0},"end":{"line":16,"column":36}},"14":{"start":{"line":17,"column":0},"end":{"line":17,"column":32}},"15":{"start":{"line":18,"column":0},"end":{"line":18,"column":71}},"16":{"start":{"line":20,"column":0},"end":{"line":20,"column":24}}},"fnMap":{},"branchMap":{},"s":{"0":2,"1":2,"2":2,"3":2,"4":2,"5":2,"6":2,"7":2,"8":2,"9":2,"10":2,"11":2,"12":2,"13":2,"14":2,"15":2,"16":2},"f":{},"b":{},"_coverageSchema":"1a1c01bbd47fc00a2c39e90264f33305004495a9","hash":"3e8fb8361802b4abea60fb8c3896b164a0a64368"}
,"E:\\Hacktiv8-fullstack-developer\\Phase-3-Hacktiv8\\last-week\\Final-Project\\script-fighter-server\\routes\\shop-router.js": {"path":"E:\\Hacktiv8-fullstack-developer\\Phase-3-Hacktiv8\\last-week\\Final-Project\\script-fighter-server\\routes\\shop-router.js","statementMap":{"0":{"start":{"line":1,"column":16},"end":{"line":1,"column":34}},"1":{"start":{"line":2,"column":15},"end":{"line":2,"column":31}},"2":{"start":{"line":3,"column":23},"end":{"line":3,"column":67}},"3":{"start":{"line":5,"column":0},"end":{"line":5,"column":47}},"4":{"start":{"line":6,"column":0},"end":{"line":6,"column":51}},"5":{"start":{"line":9,"column":0},"end":{"line":9,"column":24}}},"fnMap":{},"branchMap":{},"s":{"0":2,"1":2,"2":2,"3":2,"4":2,"5":2},"f":{},"b":{},"_coverageSchema":"1a1c01bbd47fc00a2c39e90264f33305004495a9","hash":"a4e401927ebf971a9bea153843c2b6f9960cc551"}
}
