TN:
SF:app.js
FNF:0
FNH:0
DA:1,2
DA:2,2
DA:4,2
DA:5,2
DA:6,2
DA:7,2
DA:8,2
DA:10,2
DA:11,2
DA:12,2
DA:14,2
DA:15,2
DA:18,2
LF:13
LH:13
BRDA:1,0,0,2
BRDA:1,0,1,0
BRF:2
BRH:1
end_of_record
TN:
SF:controllers\combat-controller.js
FN:7,(anonymous_0)
FN:21,(anonymous_1)
FN:51,(anonymous_2)
FN:57,(anonymous_3)
FN:60,(anonymous_4)
FN:67,(anonymous_5)
FN:73,(anonymous_6)
FN:85,(anonymous_7)
FNF:8
FNH:6
FNDA:1,(anonymous_0)
FNDA:2,(anonymous_1)
FNDA:1,(anonymous_2)
FNDA:1,(anonymous_3)
FNDA:0,(anonymous_4)
FNDA:2,(anonymous_5)
FNDA:2,(anonymous_6)
FNDA:0,(anonymous_7)
DA:1,2
DA:2,2
DA:8,1
DA:9,1
DA:10,1
DA:11,1
DA:12,1
DA:14,0
DA:15,0
DA:22,2
DA:23,2
DA:29,2
DA:39,1
DA:40,0
DA:41,0
DA:43,1
DA:46,1
DA:52,1
DA:58,1
DA:61,0
DA:68,2
DA:74,2
DA:75,2
DA:76,1
DA:80,1
DA:86,0
DA:92,2
LF:27
LH:21
BRDA:39,0,0,0
BRDA:39,0,1,1
BRDA:75,1,0,1
BRDA:75,1,1,1
BRF:4
BRH:3
end_of_record
TN:
SF:controllers\game-controller.js
FN:7,(anonymous_0)
FN:12,(anonymous_1)
FN:22,(anonymous_2)
FN:73,(anonymous_3)
FNF:4
FNH:2
FNDA:0,(anonymous_0)
FNDA:0,(anonymous_1)
FNDA:1,(anonymous_2)
FNDA:2,(anonymous_3)
DA:1,2
DA:2,2
DA:8,0
DA:9,0
DA:10,0
DA:11,0
DA:12,0
DA:14,0
DA:16,0
DA:23,1
DA:24,1
DA:29,1
DA:35,1
DA:36,0
DA:37,0
DA:42,1
DA:43,1
DA:56,1
DA:61,0
DA:67,0
DA:68,0
DA:74,2
DA:75,2
DA:76,2
DA:79,2
DA:80,1
DA:82,1
DA:88,1
DA:94,0
DA:98,2
LF:30
LH:17
BRDA:11,0,0,0
BRDA:11,0,1,0
BRDA:35,1,0,0
BRDA:35,1,1,1
BRDA:35,2,0,1
BRDA:35,2,1,0
BRDA:42,3,0,1
BRDA:42,3,1,0
BRDA:79,4,0,1
BRDA:79,4,1,1
BRDA:79,5,0,2
BRDA:79,5,1,2
BRDA:79,5,2,1
BRF:13
BRH:8
end_of_record
TN:
SF:controllers\user-controller.js
FN:7,(anonymous_0)
FN:35,(anonymous_1)
FN:57,(anonymous_2)
FNF:3
FNH:2
FNDA:4,(anonymous_0)
FNDA:3,(anonymous_1)
FNDA:0,(anonymous_2)
DA:1,2
DA:2,2
DA:3,2
DA:8,4
DA:9,4
DA:14,1
DA:27,1
DA:29,3
DA:30,3
DA:36,3
DA:37,3
DA:38,3
DA:39,2
DA:40,1
DA:41,1
DA:47,1
DA:50,1
DA:53,0
DA:58,0
DA:59,0
DA:69,0
DA:71,0
DA:77,2
LF:23
LH:18
BRDA:38,0,0,2
BRDA:38,0,1,1
BRDA:39,1,0,1
BRDA:39,1,1,1
BRF:4
BRH:4
end_of_record
TN:
SF:helpers\levelup-checker.js
FN:4,levelupCheck
FNF:1
FNH:0
FNDA:0,levelupCheck
DA:1,2
DA:8,0
DA:14,0
DA:15,0
DA:19,0
DA:20,0
DA:21,0
DA:22,0
DA:23,0
DA:27,0
DA:34,0
DA:36,0
DA:40,2
LF:13
LH:2
BRF:0
BRH:0
end_of_record
TN:
SF:middlewares\authentication.js
FN:4,userAuthentication
FNF:1
FNH:1
FNDA:14,userAuthentication
DA:1,2
DA:2,2
DA:5,14
DA:6,14
DA:7,5
DA:9,9
DA:10,9
DA:11,9
DA:12,9
DA:14,0
DA:18,0
DA:22,2
LF:12
LH:10
BRDA:6,0,0,5
BRDA:6,0,1,9
BRDA:11,1,0,9
BRDA:11,1,1,0
BRF:4
BRH:3
end_of_record
TN:
SF:middlewares\error-handler.js
FN:1,errorHandler
FNF:1
FNH:1
FNDA:6,errorHandler
DA:1,2
DA:2,6
DA:3,6
DA:4,4
DA:5,2
DA:6,0
DA:7,2
DA:8,2
DA:10,0
DA:14,0
LF:10
LH:7
BRDA:2,0,0,6
BRDA:2,0,1,0
BRDA:3,1,0,4
BRDA:3,1,1,2
BRDA:5,2,0,0
BRDA:5,2,1,2
BRDA:7,3,0,2
BRDA:7,3,1,0
BRF:8
BRH:5
end_of_record
TN:
SF:models\index.js
FN:20,(anonymous_0)
FN:23,(anonymous_1)
FN:28,(anonymous_2)
FNF:3
FNH:3
FNDA:12,(anonymous_0)
FNDA:10,(anonymous_1)
FNDA:10,(anonymous_2)
DA:3,2
DA:4,2
DA:5,2
DA:6,2
DA:7,2
DA:8,2
DA:9,2
DA:12,2
DA:13,0
DA:15,2
DA:18,2
DA:21,12
DA:24,10
DA:25,10
DA:28,2
DA:29,10
DA:30,10
DA:34,2
DA:35,2
DA:37,2
LF:20
LH:19
BRDA:7,0,0,2
BRDA:7,0,1,0
BRDA:12,1,0,0
BRDA:12,1,1,2
BRDA:21,2,0,12
BRDA:21,2,1,12
BRDA:21,2,2,10
BRDA:29,3,0,10
BRDA:29,3,1,0
BRF:9
BRH:6
end_of_record
TN:
SF:models\itemshop.js
FN:5,(anonymous_0)
FN:12,(anonymous_1)
FNF:2
FNH:2
FNDA:2,(anonymous_0)
FNDA:2,(anonymous_1)
DA:4,2
DA:5,2
DA:16,2
DA:28,2
LF:4
LH:4
BRF:0
BRH:0
end_of_record
TN:
SF:models\monster.js
FN:5,(anonymous_0)
FN:12,(anonymous_1)
FNF:2
FNH:2
FNDA:2,(anonymous_0)
FNDA:2,(anonymous_1)
DA:4,2
DA:5,2
DA:16,2
DA:29,2
LF:4
LH:4
BRF:0
BRH:0
end_of_record
TN:
SF:models\question.js
FN:5,(anonymous_0)
FN:12,(anonymous_1)
FNF:2
FNH:2
FNDA:2,(anonymous_0)
FNDA:2,(anonymous_1)
DA:4,2
DA:5,2
DA:16,2
DA:26,2
LF:4
LH:4
BRF:0
BRH:0
end_of_record
TN:
SF:models\user.js
FN:7,(anonymous_0)
FN:14,(anonymous_1)
FN:50,(anonymous_2)
FN:53,(anonymous_3)
FNF:4
FNH:3
FNDA:2,(anonymous_0)
FNDA:2,(anonymous_1)
FNDA:3,(anonymous_2)
FNDA:0,(anonymous_3)
DA:1,2
DA:3,2
DA:6,2
DA:7,2
DA:15,2
DA:18,2
DA:50,2
DA:51,3
DA:52,3
DA:53,0
DA:54,0
DA:57,3
DA:61,2
LF:13
LH:11
BRDA:52,0,0,0
BRDA:52,0,1,3
BRF:2
BRH:1
end_of_record
TN:
SF:models\userstatus.js
FN:5,(anonymous_0)
FN:12,(anonymous_1)
FNF:2
FNH:2
FNDA:2,(anonymous_0)
FNDA:2,(anonymous_1)
DA:4,2
DA:5,2
DA:13,2
DA:16,2
DA:74,2
LF:5
LH:5
BRF:0
BRH:0
end_of_record
TN:
SF:routes\combat-router.js
FNF:0
FNH:0
DA:1,2
DA:2,2
DA:3,2
DA:5,2
DA:6,2
DA:7,2
DA:9,2
LF:7
LH:7
BRF:0
BRH:0
end_of_record
TN:
SF:routes\index.js
FNF:0
FNH:0
DA:1,2
DA:2,2
DA:3,2
DA:4,2
DA:5,2
DA:7,2
DA:8,2
DA:9,2
DA:11,2
DA:12,2
DA:13,2
DA:14,2
DA:15,2
DA:16,2
DA:17,2
DA:18,2
DA:20,2
LF:17
LH:17
BRF:0
BRH:0
end_of_record
TN:
SF:routes\shop-router.js
FNF:0
FNH:0
DA:1,2
DA:2,2
DA:3,2
DA:5,2
DA:6,2
DA:9,2
LF:6
LH:6
BRF:0
BRH:0
end_of_record
